[lnsp-cg.org/rloadd2c5.html]
[backblue.gif]
[fade.gif]
[index.html]
[lnsp-cg.org/images/republic-of-the-congo.svg]
[lnsp-cg.org/cssmenu.css]
[cdn.jsdelivr.net/npm/bootstrap@4.5.3/dist/css/bootstrap.min.css]
[code.jquery.com/jquery-3.5.1.slim.min.js]
[cdn.jsdelivr.net/npm/bootstrap@4.5.3/dist/js/bootstrap.bundle.min.js]
[maxcdn.bootstrapcdn.com/bootstrap/4.0.0/css/bootstrap.min.css]
[cdnjs.cloudflare.com/ajax/libs/jquery/3.2.1/jquery.min.js]
[ajax.googleapis.com/ajax/libs/jquery/2.1.1/jquery.min.js]
[cdnjs.cloudflare.com/ajax/libs/select2/4.0.3/js/select2.min.js]
[cdnjs.cloudflare.com/ajax/libs/select2/4.0.3/css/select2.min.css]
[lnsp-cg.org/images/drapo242.jpg]
[lnsp-cg.org/images/armoirieRC.png]
[lnsp-cg.org/images/qrcode/111LN6661M449151.png]
[lnsp-cg.org/vendor/jquery/jquery.min.js]
[lnsp-cg.org/vendor/bootstrap/js/bootstrap.bundle.min.js]
[lnsp-cg.org/rloadd2c5.html]
[lnsp-cg.org/images/republic-of-the-congo.svg]
[lnsp-cg.org/cssmenu.css]
[cdn.jsdelivr.net/npm/bootstrap@4.5.3/dist/css/bootstrap.min.css]
[maxcdn.bootstrapcdn.com/bootstrap/4.0.0/css/bootstrap.min.css]
[cdnjs.cloudflare.com/ajax/libs/select2/4.0.3/css/select2.min.css]
[lnsp-cg.org/vendor/jquery/jquery.min.html]
[lnsp-cg.org/vendor/bootstrap/js/bootstrap.bundle.min.html]
[lnsp-cg.org/ncov2/Bulletin31e3.html]
[lnsp-cg.org/ncov2/index.html]
[lnsp-cg.org/ncov2/style.css]
[lnsp-cg.org/ncov2/lnsp/vendor/fontawesome-free/css/all.min.css]
[cdnjs.cloudflare.com/ajax/libs/jquery/2.1.3/jquery.min.js]
[lnsp-cg.org/ncov2/lnsp/css/sb-admin-2.min.css]
[cdn.jsdelivr.net/gh/davidshimjs/qrcodejs@gh-pages/qrcode.min.js]
[lnsp-cg.org/images/labolnspAnciennePhoto.gif]
[lnsp-cg.org/ncov2/Bulletin31e3.html]
[lnsp-cg.org/index.html]
[lnsp-cg.org/images/cielblue.jpg]
[canvasjs.com/assets/script/canvasjs.min.js]
[lnsp-cg.org/ncov2/vendor/jquery/jquery.min.js]
[lnsp-cg.org/ncov2/vendor/bootstrap/js/bootstrap.bundle.min.js]
[lnsp-cg.org/ncov2/vendor/jquery-easing/jquery.easing.min.js]
[lnsp-cg.org/ncov2/js/sb-admin-2.min.js]
[lnsp-cg.org/ncov2/vendor/chart.js/Chart.min.js]
[lnsp-cg.org/ncov2/js/demo/chart-area-demo.js]
[lnsp-cg.org/ncov2/js/demo/chart-pie-demo.js]
[lnsp-cg.org/ncov2/vendor/datatables/jquery.dataTables.min.js]
[lnsp-cg.org/ncov2/vendor/datatables/dataTables.bootstrap4.min.js]
[lnsp-cg.org/ncov2/js/demo/datatables-demo.js]
[lnsp-cg.org/ncov2/index.html]
[lnsp-cg.org/ncov2/lnsp/vendor/fontawesome-free/webfonts/fa-brands-400.eot]
[lnsp-cg.org/ncov2/lnsp/vendor/fontawesome-free/webfonts/fa-brands-400d41d.eot]
[lnsp-cg.org/ncov2/lnsp/vendor/fontawesome-free/webfonts/fa-brands-400.woff2]
[lnsp-cg.org/ncov2/lnsp/vendor/fontawesome-free/webfonts/fa-brands-400.woff]
[lnsp-cg.org/ncov2/lnsp/vendor/fontawesome-free/webfonts/fa-brands-400.ttf]
[lnsp-cg.org/ncov2/lnsp/vendor/fontawesome-free/webfonts/fa-regular-400.eot]
[lnsp-cg.org/ncov2/lnsp/vendor/fontawesome-free/webfonts/fa-regular-400d41d.eot]
[lnsp-cg.org/ncov2/lnsp/vendor/fontawesome-free/webfonts/fa-regular-400.woff2]
[lnsp-cg.org/ncov2/lnsp/vendor/fontawesome-free/webfonts/fa-regular-400.woff]
[lnsp-cg.org/ncov2/lnsp/vendor/fontawesome-free/webfonts/fa-brands-400.svg]
[lnsp-cg.org/ncov2/lnsp/vendor/fontawesome-free/webfonts/fa-regular-400.ttf]
[lnsp-cg.org/ncov2/lnsp/vendor/fontawesome-free/webfonts/fa-regular-400.svg]
[lnsp-cg.org/ncov2/lnsp/vendor/fontawesome-free/webfonts/fa-solid-900.eot]
[lnsp-cg.org/ncov2/lnsp/vendor/fontawesome-free/webfonts/fa-solid-900.woff2]
[lnsp-cg.org/ncov2/lnsp/vendor/fontawesome-free/webfonts/fa-solid-900d41d.eot]
[lnsp-cg.org/ncov2/lnsp/vendor/fontawesome-free/webfonts/fa-solid-900.woff]
[lnsp-cg.org/ncov2/lnsp/vendor/fontawesome-free/webfonts/fa-solid-900.ttf]
[lnsp-cg.org/ncov2/lnsp/vendor/fontawesome-free/css/all.min.css]
[lnsp-cg.org/ncov2/images/labo.jpg]
[lnsp-cg.org/ncov2/style.css]
[lnsp-cg.org/ncov2/lnsp/css/sb-admin-2.min.css]
[client.crisp.chat/l.js]
[lnsp-cg.org/ncov2/index-2.html]
[lnsp-cg.org/ncov2/lnsp/vendor/fontawesome-free/webfonts/fa-solid-900.svg]
[lnsp-cg.org/testantigenedc48.html]
[lnsp-cg.org/enregistre.html]
[lnsp-cg.org/ncontact.html]
[lnsp-cg.org/session_in.html]
[lnsp-cg.org/pagedg.44.delayed]
[lnsp-cg.org/images/labo1.jpg]
[lnsp-cg.org/images/labo.jpg]
[lnsp-cg.org/images/madame.jpg]
[lnsp-cg.org/images/lnspArrier.jpg]
[lnsp-cg.org/images/lnsptoucher.jpg]
[lnsp-cg.org/index.html]
[canvasjs.com/assets/script/canvasjs.min.js]
[lnsp-cg.org/ncov2/vendor/jquery/jquery.min.html]
[lnsp-cg.org/ncov2/vendor/bootstrap/js/bootstrap.bundle.min.html]
[lnsp-cg.org/ncov2/vendor/jquery-easing/jquery.easing.min.html]
[lnsp-cg.org/ncov2/vendor/chart.js/Chart.min.html]
[lnsp-cg.org/ncov2/vendor/datatables/jquery.dataTables.min.html]
[lnsp-cg.org/ncov2/vendor/datatables/dataTables.bootstrap4.min.html]
[lnsp-cg.org/ncov2/lnsp/vendor/fontawesome-free/webfonts/fa-brands-400.svg]
[lnsp-cg.org/ncov2/lnsp/vendor/fontawesome-free/webfonts/fa-regular-400.svg]
[lnsp-cg.org/images/testcovid.jpg]
[lnsp-cg.org/masq.jpg]
[lnsp-cg.org/ncov2/lnsp/vendor/fontawesome-free/webfonts/fa-solid-900.svg]
[lnsp-cg.org/ncov2/images/labo.html]
[lnsp-cg.org/ncov2/index-2.html]
[lnsp-cg.org/csjs/css.css]
[cdn.jsdelivr.net/npm/bootstrap@5.0.0-alpha1/dist/css/bootstrap.min.css]
[cdnjs.cloudflare.com/ajax/libs/font-awesome/4.7.0/css/font-awesome.min.css]
[lnsp-cg.org/testantigenedc48.html]
[cdn.jsdelivr.net/npm/bootstrap@5.0.0-alpha1/dist/js/bootstrap.bundle.min.js]
[cdn.jsdelivr.net/npm/bootstrap@5.0.2/dist/css/bootstrap.min.css]
[lnsp-cg.org/enregistre.html]
[maxcdn.bootstrapcdn.com/bootstrap/4.1.1/css/bootstrap.min.css]
[lnsp-cg.org/ncontact.html]
[lnsp-cg.org/testpcr.html]
[lnsp-cg.org/icon.ico]
[lnsp-cg.org/index-2.html]
[maxcdn.bootstrapcdn.com/bootstrap/4.1.1/js/bootstrap.min.js]
[netdna.bootstrapcdn.com/bootstrap/4.5.1/css/bootstrap-theme.min.54.delayed]
[netdna.bootstrapcdn.com/bootstrap/4.5.1/css/bootstrap.min.css]
[netdna.bootstrapcdn.com/bootstrap/4.5.1/js/bootstrap.min.js]
[lnsp-cg.org/assets/css/style2.56.delayed]
[lnsp-cg.org/css/additional.css]
[cdn.livechatinc.com/tracking.js]
[www.googleadservices.com/pagead/f.txt]
[www.google-analytics.com/analytics.js]
[maxcdn.bootstrapcdn.com/bootstrap/4.5.0/css/bootstrap.min.css]
[maxcdn.bootstrapcdn.com/bootstrap/4.5.0/js/bootstrap.min.js]
[res.cloudinary.com/dxfq3iotg/image/upload/v1564049481/bg-clouds.jpg]
[img.icons8.com/bubbles/100/000000/user.png]
[lnsp-cg.org/images/rfniama.jpg]
[lnsp-cg.org/session_reg.html]
[img.icons8.com/officel/100/000000/person-at-home.png]
[lnsp-cg.org/session_in.html]
[lnsp-cg.org/pagedg.html]
[lnsp-cg.org/csjs/css.css]
[cdn.jsdelivr.net/npm/bootstrap@5.0.0-alpha1/dist/css/bootstrap.min.css]
[cdnjs.cloudflare.com/ajax/libs/font-awesome/4.7.0/css/font-awesome.min.css]
[cdn.jsdelivr.net/npm/bootstrap@5.0.2/dist/css/bootstrap.min.css]
[lnsp-cg.org/testpcr.html]
[maxcdn.bootstrapcdn.com/bootstrap/4.1.1/css/bootstrap.min.css]
[lnsp-cg.org/index-2.html]
[lnsp-cg.org/icon.html]
[netdna.bootstrapcdn.com/bootstrap/4.5.1/css/bootstrap.min.css]
[netdna.bootstrapcdn.com/bootstrap/4.5.1/css/bootstrap-theme.min.css]
[lnsp-cg.org/assets/css/style2.html]
[lnsp-cg.org/css/additional.html]
[maxcdn.bootstrapcdn.com/bootstrap/4.5.0/css/bootstrap.min.css]
[lnsp-cg.org/session_reg.html]
[lnsp-cg.org/pev/into/css/landing.css]
[lnsp-cg.org/include/fonts/akkuratpro-regular_gdi.eot]
[lnsp-cg.org/include/fonts/akkuratpro-regular_gdid41d.eot]
[lnsp-cg.org/include/fonts/akkuratpro-regular_gdi.woff]
[lnsp-cg.org/include/fonts/akkuratpro-regular_gdi.ttf]
[lnsp-cg.org/include/fonts/akkuratpro-regular_gdi.svg]
[lnsp-cg.org/include/fonts/akkuratpro-bold_gdi.eot]
[lnsp-cg.org/include/fonts/akkuratpro-bold_gdid41d.eot]
[lnsp-cg.org/include/fonts/akkuratpro-bold_gdi.woff]
[lnsp-cg.org/include/fonts/akkuratpro-bold_gdi.ttf]
[lnsp-cg.org/include/fonts/akkuratpro-bold_gdi.svg]
[lnsp-cg.org/pev/into/css/landing.css]
[lnsp-cg.org/include/fonts/akkuratpro-regular_gdi.html]
[lnsp-cg.org/include/fonts/akkuratpro-regular_gdid41d.html]
[lnsp-cg.org/include/fonts/akkuratpro-regular_gdi-2.html]
[lnsp-cg.org/include/fonts/akkuratpro-regular_gdi-3.html]
[lnsp-cg.org/include/fonts/akkuratpro-regular_gdi-4.html]
[lnsp-cg.org/include/fonts/akkuratpro-bold_gdi.html]
[lnsp-cg.org/include/fonts/akkuratpro-bold_gdid41d.html]
[lnsp-cg.org/include/fonts/akkuratpro-bold_gdi-2.html]
[lnsp-cg.org/include/fonts/akkuratpro-bold_gdi-3.html]
[lnsp-cg.org/include/fonts/akkuratpro-bold_gdi-4.html]
[lnsp-cg.org/pev/into/css/fonts/open_sans_regular-webfont.html]
[lnsp-cg.org/pev/into/css/fonts/open_sans_regular-webfont-2.html]
[lnsp-cg.org/pev/into/css/fonts/open_sans_italic-webfont.html]
[lnsp-cg.org/pev/into/css/fonts/open_sans_italic-webfont-2.html]
[lnsp-cg.org/pev/into/css/fonts/open_sans_italic-webfont-3.html]
[lnsp-cg.org/pev/into/css/fonts/open_sans_italic-webfont-4.html]
[lnsp-cg.org/pev/into/css/fonts/open_sans_italic-webfont-5.html]
[lnsp-cg.org/pev/into/css/fonts/open_sans_700-webfont.html]
[lnsp-cg.org/pev/into/css/fonts/open_sans_700-webfont-2.html]
[lnsp-cg.org/pev/into/css/fonts/open_sans_700italic-webfont.html]
[lnsp-cg.org/pev/into/css/fonts/open_sans_700italic-webfont-2.html]
[lnsp-cg.org/pev/into/css/fonts/open_sans_700italic-webfont-3.html]
[lnsp-cg.org/pev/into/css/fonts/open_sans_700italic-webfont-4.html]
[lnsp-cg.org/pev/into/css/fonts/open_sans_700italic-webfont-5.html]
[lnsp-cg.org/pev/into/css/fonts/cabin_regular-webfont.html]
[lnsp-cg.org/pev/into/css/fonts/cabin_regular-webfont-2.html]
[lnsp-cg.org/pev/into/css/fonts/cabin_regular-webfont-3.html]
[lnsp-cg.org/pev/into/css/fonts/cabin_regular-webfont-4.html]
[lnsp-cg.org/pev/into/css/fonts/cabin_regular-webfont-5.html]
[lnsp-cg.org/pev/into/css/fonts/cabin_italic-webfont.html]
[lnsp-cg.org/pev/into/css/fonts/cabin_italic-webfont-2.html]
[lnsp-cg.org/pev/into/css/fonts/cabin_italic-webfont-3.html]
[lnsp-cg.org/pev/into/css/fonts/cabin_italic-webfont-4.html]
[lnsp-cg.org/pev/into/css/fonts/cabin_italic-webfont-5.html]
[lnsp-cg.org/pev/into/css/fonts/cabin_700italic-webfont.html]
[lnsp-cg.org/pev/into/css/fonts/cabin_700italic-webfont-2.html]
[lnsp-cg.org/pev/into/css/fonts/cabin_700italic-webfont-3.html]
[lnsp-cg.org/pev/into/css/fonts/cabin_700italic-webfont-4.html]
[lnsp-cg.org/pev/into/css/fonts/cabin_700italic-webfont-5.html]
[lnsp-cg.org/pev/into/images/landing-pages/wireless.html]
[lnsp-cg.org/pev/into/images/landing-pages/m-menu.html]
[lnsp-cg.org/pev/into/images/landing-pages/m-arrow-down.html]
[lnsp-cg.org/pev/into/images/landing-pages/m-down-carrot.html]
